Using pre-set license
Built from '2020.3/release' branch; Version is '2020.3.12f1 (b3b2c6512326) revision 11776710'; Using compiler version '192528614'; Build Type 'Release'
OS: 'Windows 10 Home; OS build 19044.1889; Version 2009; 64bit' Language: 'zh' Physical Memory: 24430 MB
BatchMode: 1, IsHumanControllingUs: 0, StartBugReporterOnCrash: 0, Is64bit: 1, IsPro: 0

 COMMAND LINE ARGUMENTS:
D:\Unity\2020.3.12f1\Editor\Unity.exe
-adb2
-batchMode
-noUpm
-name
AssetImportWorker0
-projectPath
D:/Users/Pc/Desktop/新增資料夾 (6)/360VideoPlayer/360VideoPlayer
-logFile
Logs/AssetImportWorker0.log
-srvPort
2523
Successfully changed project path to: D:/Users/Pc/Desktop/新增資料夾 (6)/360VideoPlayer/360VideoPlayer
D:/Users/Pc/Desktop/新增資料夾 (6)/360VideoPlayer/360VideoPlayer
Using Asset Import Pipeline V2.
Refreshing native plugins compatible for Editor in 40.41 ms, found 0 plugins.
Preloading 0 native plugins for Editor in 0.00 ms.
Initialize engine version: 2020.3.12f1 (b3b2c6512326)
[Subsystems] Discovering subsystems at path D:/Unity/2020.3.12f1/Editor/Data/Resources/UnitySubsystems
[Subsystems] Discovering subsystems at path D:/Users/Pc/Desktop/新增資料夾 (6)/360VideoPlayer/360VideoPlayer/Assets
GfxDevice: creating device client; threaded=0
Direct3D:
    Version:  Direct3D 11.0 [level 11.1]
    Renderer: NVIDIA GeForce GTX 1050 (ID=0x1c8d)
    Vendor:   
    VRAM:     1979 MB
    Driver:   27.21.14.6172
Initialize mono
Mono path[0] = 'D:/Unity/2020.3.12f1/Editor/Data/Managed'
Mono path[1] = 'D:/Unity/2020.3.12f1/Editor/Data/MonoBleedingEdge/lib/mono/unityjit'
Mono config path = 'D:/Unity/2020.3.12f1/Editor/Data/MonoBleedingEdge/etc'
Using monoOptions --debugger-agent=transport=dt_socket,embedding=1,server=y,suspend=n,address=127.0.0.1:56704
Begin MonoManager ReloadAssembly
Registering precompiled unity dll's ...
Register platform support module: D:/Unity/2020.3.12f1/Editor/Data/PlaybackEngines/WindowsStandaloneSupport/UnityEditor.WindowsStandalone.Extensions.dll
Registered in 0.001510 seconds.
Native extension for WindowsStandalone target not found
Refreshing native plugins compatible for Editor in 32.80 ms, found 0 plugins.
Preloading 0 native plugins for Editor in 0.00 ms.
Mono: successfully reloaded assembly
- Completed reload, in  1.338 seconds
Platform modules already initialized, skipping
Registering precompiled user dll's ...
Registered in 0.002922 seconds.
Begin MonoManager ReloadAssembly
Native extension for WindowsStandalone target not found
Refreshing native plugins compatible for Editor in 0.85 ms, found 0 plugins.
Preloading 0 native plugins for Editor in 0.00 ms.
Mono: successfully reloaded assembly
- Completed reload, in  4.652 seconds
Platform modules already initialized, skipping
========================================================================
Worker process is ready to serve import requests
Launched and connected shader compiler UnityShaderCompiler.exe after 0.12 seconds
Refreshing native plugins compatible for Editor in 0.32 ms, found 0 plugins.
Preloading 0 native plugins for Editor in 0.00 ms.
Unloading 838 Unused Serialized files (Serialized files now loaded: 0)
System memory in use before: 49.6 MB.
System memory in use after: 49.6 MB.

Unloading 19 unused Assets to reduce memory usage. Loaded Objects now: 1274.
Total: 2.436300 ms (FindLiveObjects: 0.145700 ms CreateObjectMapping: 0.035000 ms MarkObjects: 2.164200 ms  DeleteObjects: 0.089900 ms)

AssetImportParameters requested are different than current active one (requested -> active):
  custom:framework-win-MediaFoundation: 216162199b28c13a410421893ffa2e32 -> 
  custom:video-decoder-ogg-theora: a1e56fd34408186e4bbccfd4996cb3dc -> 
  custom:container-muxer-webm: aa71ff27fc2769a1b78a27578f13a17b -> 
  custom:container-demuxer-webm: 4f35f7cbe854078d1ac9338744f61a02 -> 
  custom:container-demuxer-ogg: 62fdf1f143b41e24485cea50d1cbac27 -> 
  custom:video-encoder-webm-vp8: eb34c28f22e8b96e1ab97ce403110664 -> 
  custom:video-codec-MediaFoundation-h265: 746d11721c4dcdbdad8f713fa42b33f4 -> 
  custom:video-decoder-webm-vp8: 9c59270c3fd7afecdb556c50c9e8de78 -> 
  custom:audio-decoder-ogg-vorbis: bf7c407c2cedff20999df2af8eb42d56 -> 
  custom:audio-encoder-webm-vorbis: bf7c407c2cedff20999df2af8eb42d56 -> 
========================================================================
Received Import Request.
  path: Assets/Round.psd
  artifactKey: Guid(f9ac9f184c05a4a4d960ed2a4ae790d7) Importer(815301076,1909f56bfc062723c751e8b465ee728b)
Start importing Assets/Round.psd using Guid(f9ac9f184c05a4a4d960ed2a4ae790d7) Importer(815301076,1909f56bfc062723c751e8b465ee728b)  -> (artifact id: 'df9fd2998bfc2bfd353b5393634ff247') in 0.333308 seconds 
  Import took 0.335683 seconds .

========================================================================
Received Import Request.
  Time since last request: 0.000392 seconds.
  path: Assets/_Scene
  artifactKey: Guid(4fb832d0e05e95d40a622be5531c4be4) Importer(815301076,1909f56bfc062723c751e8b465ee728b)
Start importing Assets/_Scene using Guid(4fb832d0e05e95d40a622be5531c4be4) Importer(815301076,1909f56bfc062723c751e8b465ee728b)  -> (artifact id: 'f3bf420d2c16d880095727d2c58d064b') in 0.010551 seconds 
  Import took 0.012953 seconds .

========================================================================
Received Import Request.
  Time since last request: 0.086646 seconds.
  path: Assets/_Scene/main.unity
  artifactKey: Guid(964428b317e0cad478a8f0c074a5335b) Importer(815301076,1909f56bfc062723c751e8b465ee728b)
Start importing Assets/_Scene/main.unity using Guid(964428b317e0cad478a8f0c074a5335b) Importer(815301076,1909f56bfc062723c751e8b465ee728b)  -> (artifact id: 'ab8354f0e57dc494a6ca7fcf57cfeb15') in 0.013341 seconds 
  Import took 0.015772 seconds .

AssetImportWorkerClient::OnTransportError - code=2 error=End of file
